[2024-01-31 17:07:05,295] multiqc                                            [DEBUG  ]  This is MultiQC v1.17
[2024-01-31 17:07:05,295] multiqc                                            [DEBUG  ]  Command used: /Users/zhousj/miniconda3/envs/rnaseq/bin/multiqc -d .
[2024-01-31 17:07:05,510] multiqc                                            [DEBUG  ]  Could not connect to multiqc.info for version check: module 'packaging.version' has no attribute 'StrictVersion'
[2024-01-31 17:07:05,511] multiqc                                            [DEBUG  ]  Working dir : /Users/zhousj/Desktop/DIYTranscriptomics/lab2
[2024-01-31 17:07:05,511] multiqc                                            [DEBUG  ]  Template    : default
[2024-01-31 17:07:05,511] multiqc                                            [DEBUG  ]  Running Python 3.12.1 | packaged by conda-forge | (main, Dec 23 2023, 08:01:35) [Clang 16.0.6 ]
[2024-01-31 17:07:05,511] multiqc                                            [INFO   ]  Prepending directory to sample names
[2024-01-31 17:07:05,512] multiqc                                            [DEBUG  ]  Analysing modules: custom_content, ccs, ngsderive, purple, conpair, lima, peddy, somalier, methylQA, mosdepth, phantompeakqualtools, qualimap, preseq, hifiasm, quast, qorts, rna_seqc, rockhopper, rsem, rseqc, busco, bustools, goleft_indexcov, gffcompare, disambiguate, supernova, deeptools, sargasso, verifybamid, mirtrace, happy, mirtop, sambamba, gopeaks, homer, hops, macs2, theta2, snpeff, gatk, htseq, bcftools, featureCounts, fgbio, dragen, dragen_fastqc, dedup, pbmarkdup, damageprofiler, mapdamage, biobambam2, jcvi, mtnucratio, picard, vep, sentieon, bakta, prokka, qc3C, nanostat, samblaster, samtools, sexdeterrmine, eigenstratdatabasetools, bamtools, jellyfish, vcftools, longranger, stacks, varscan2, snippy, umitools, truvari, bbmap, bismark, biscuit, diamond, hicexplorer, hicup, hicpro, salmon, kallisto, slamdunk, star, hisat2, tophat, bowtie2, bowtie1, cellranger, snpsplit, odgi, pangolin, nextclade, freyja, humid, kat, leehom, librarian, adapterRemoval, bbduk, clipandmerge, cutadapt, flexbar, sourmash, kaiju, bracken, kraken, malt, motus, trimmomatic, sickle, skewer, sortmerna, biobloomtools, fastq_screen, afterqc, fastp, fastqc, filtlong, prinseqplusplus, pychopper, porechop, pycoqc, minionqc, anglerfish, multivcfanalyzer, clusterflow, checkqc, bcl2fastq, bclconvert, interop, ivar, flash, seqyclean, optitype, whatshap
[2024-01-31 17:07:05,512] multiqc                                            [DEBUG  ]  Using temporary directory for creating report: /var/folders/8g/9wny3nyn5s1df997d42xl75h0000gp/T/tmpu5cirtsx
[2024-01-31 17:07:05,514] multiqc                                            [INFO   ]  Search path : /Users/zhousj/Desktop/DIYTranscriptomics/lab2
[2024-01-31 17:07:05,657] multiqc                                            [DEBUG  ]  Summary of files that were skipped by the search: [skipped_module_specific_max_filesize: 146] // [skipped_no_match: 34] // [skipped_ignore_pattern: 11] // [skipped_filesize_limit: 1]
[2024-01-31 17:07:05,932] multiqc.plots.bargraph                             [DEBUG  ]  Using matplotlib version 3.8.0
[2024-01-31 17:07:05,934] multiqc.plots.linegraph                            [DEBUG  ]  Using matplotlib version 3.8.0
[2024-01-31 17:07:05,935] multiqc                                            [DEBUG  ]  No samples found: custom_content
[2024-01-31 17:07:05,947] multiqc.modules.fastqc.fastqc                      [INFO   ]  Found 10 reports
[2024-01-31 17:07:05,986] multiqc.utils.software_versions                    [DEBUG  ]  Reading software versions from config.software_versions
[2024-01-31 17:07:05,992] multiqc                                            [DEBUG  ]  Compressing plot data
[2024-01-31 17:07:06,060] multiqc                                            [INFO   ]  Report      : multiqc_report.html
[2024-01-31 17:07:06,060] multiqc                                            [INFO   ]  Data        : multiqc_data
[2024-01-31 17:07:06,061] multiqc                                            [DEBUG  ]  Moving data file from '/var/folders/8g/9wny3nyn5s1df997d42xl75h0000gp/T/tmpu5cirtsx/multiqc_data' to '/Users/zhousj/Desktop/DIYTranscriptomics/lab2/multiqc_data'
[2024-01-31 17:07:06,064] multiqc                                            [DEBUG  ]  Full report path: /Users/zhousj/Desktop/DIYTranscriptomics/lab2/multiqc_report.html
[2024-01-31 17:07:06,137] multiqc                                            [INFO   ]  MultiQC complete
